"blank"			"=========================="
"blank"			"#Valve_Movement_Title"
"blank"			"=========================="
"+forward"		"#Valve_Move_Forward"
"+back"			"#Valve_Move_Back"
"+moveleft"		"#Valve_Move_Left"
"+moveright"	"#Valve_Move_Right"
"+jump"			"#Valve_Jump"
"+duck"			"#Valve_Duck"
"+moveup"		"#Valve_Swim_Up"
"+movedown"		"#Valve_Swim_Down"
"blank"			"=========================="
"blank"			"#Valve_Communication_Title"
"blank"			"=========================="
"+voicerecord"	"#Valve_Use_Voice_Communication"
"say"			"#Valve_Chat_Message"
"say_team"		"#Valve_Team_Message"
"voice_menu_1"	"#TF_Voice_Menu_A"
"voice_menu_2"	"#TF_Voice_Menu_B"
"voice_menu_3"	"#TF_Voice_Menu_C"
"voicemenu 0 0"	"#TF_Call_For_Medic"
"blank"			"=========================="
"blank"			"#TF_Title"
"blank"			"=========================="
"changeclass"	"#Valve_Change_Class"
"changeteam"	"#Valve_Change_Team"
"dropitem"		"#TF_DropFlag"
"taunt"			"#TF_Taunt"
"showmapinfo"	"#TF_MapInfo"
"blank"			"=========================="
"blank"			"#TF_ClassSpecific_Keys"
"blank"			"=========================="
"+attack2"		"#TF_ClassSkill_Demoman"
"+attack2"		"#TF_ClassSkill_Heavy"
"+attack2"		"#TF_ClassSkill_Medic"
"+attack2"		"#TF_ClassSkill_Sniper"
"+attack2"		"#TF_ClassSkill_Spy"
"lastdisguise"	"#TF_ClassSkill_Spy_LastDisguise"
"blank"			"=========================="
"blank"			"#Valve_Combat_Title"
"blank"			"=========================="
"+attack"		"#Valve_Primary_Attack"
"+attack2"		"#Valve_Secondary_Attack"
"+reload"		"#Valve_Reload_Weapon"
"+use"			"#Valve_Use_Items"
"impulse 100"	"#Valve_Flashlight"
"dropweapon"	"#OFD_Drop_Weapon"
"slot1"			"#Valve_Weapon_Category_1"
"slot2"			"#Valve_Weapon_Category_2"
"slot3" 		"#Valve_Weapon_Category_3"
"slot4"			"#Valve_Weapon_Category_4"
"slot5"			"#Valve_Weapon_Category_5"
"slot6"			"#Valve_Weapon_Category_6"
"slot7"			"#Valve_Weapon_Category_7"
"slot8"			"#Valve_Weapon_Category_8"
"slot9"			"#Valve_Weapon_Category_9"
"invnext"		"#Valve_Next_Weapon"
"invprev"		"#Valve_Previous_Weapon"
"lastinv"		"#Valve_Last_Weapon_Used"
"blank"			"=========================="
"blank"			"#Valve_Miscellaneous_Title"
"blank"			"=========================="
"impulse 201"	"#Valve_Spray_Logo"
"impulse 202"	"#OFD_Spray_Sound"
"+showscores"	"#Valve_Display_Scores"
"screenshot"	"#Valve_Take_Screen_Shot"
"quit"			"#Valve_Quit_Game"
"toggleconsole"	"#Valve_Console_Toggle"
"blank"			"=========================="
"blank"			"#OFD_Exact_Weapons"
"blank"			"=========================="
"use_melee"		"#OFD_Use_Melee"
"use_pistol"	"#OFD_Use_Pistol"
"use_smg"		"#OFD_Use_SMG"
"use_revolver"	"#OFD_Use_Revolver"
"use_shotgun"	"#OFD_Use_Shotgun"
"use_scatter"	"#OFD_Use_Scatter"
"use_supersg"	"#OFD_Use_SuperSG"
"use_nail"		"#OFD_Use_Nail"
"use_syringe"	"#OFD_Use_Syringe"
"use_rocket"	"#OFD_Use_RPG"
"use_fire"		"#OFD_Use_Fire"
"use_gl"		"#OFD_Use_GL"
"use_sticky"	"#OFD_Use_Sticky"
"use_mini"		"#OFD_Use_Mini"
"use_snip"		"#OFD_Use_Snip"
"use_rail"		"#OFD_Use_Rail"
"use_dynamite"	"#OFD_Use_Dynamite"
"use_rifle"		"#OFD_Use_Rifle"
"use_tripmine"	"#OFD_Use_Tripmine"
"use_lightgun"	"#OFD_Use_LightGun"
